  projectile.cpp
D:\docs\githubRepo\scratch\scratch\patterns.h(168,49): warning C4244: '=': conversion from 'unsigned int' to 'T', possible loss of data
          with
          [
              T=float
          ]
D:\docs\githubRepo\scratch\scratch\patterns.h(169,49): warning C4244: '=': conversion from 'unsigned int' to 'T', possible loss of data
          with
          [
              T=float
          ]
D:\docs\githubRepo\scratch\scratch\patterns.h(171,50): warning C4244: 'argument': conversion from 'T' to 'unsigned int', possible loss of data
          with
          [
              T=float
          ]
D:\docs\githubRepo\scratch\scratch\patterns.h(171,36): warning C4244: 'argument': conversion from 'T' to 'unsigned int', possible loss of data
          with
          [
              T=float
          ]
D:\docs\githubRepo\scratch\scratch\projectile.h(59,1): warning C4305: '=': truncation from 'double' to 'float'
D:\docs\githubRepo\scratch\scratch\projectile.cpp(79,40): warning C4244: 'argument': conversion from 'double' to 'float', possible loss of data
D:\docs\githubRepo\scratch\scratch\projectile.cpp(92,50): warning C4244: 'argument': conversion from 'double' to 'float', possible loss of data
D:\docs\githubRepo\scratch\scratch\projectile.cpp(99,11): warning C4244: 'initializing': conversion from 'double' to 'float', possible loss of data
D:\docs\githubRepo\scratch\scratch\projectile.cpp(119,17): warning C4244: '=': conversion from 'double' to 'float', possible loss of data
  update.cpp
D:\docs\githubRepo\scratch\scratch\patterns.h(168,49): warning C4244: '=': conversion from 'unsigned int' to 'T', possible loss of data
          with
          [
              T=float
          ]
D:\docs\githubRepo\scratch\scratch\patterns.h(169,49): warning C4244: '=': conversion from 'unsigned int' to 'T', possible loss of data
          with
          [
              T=float
          ]
D:\docs\githubRepo\scratch\scratch\patterns.h(171,50): warning C4244: 'argument': conversion from 'T' to 'unsigned int', possible loss of data
          with
          [
              T=float
          ]
D:\docs\githubRepo\scratch\scratch\patterns.h(171,36): warning C4244: 'argument': conversion from 'T' to 'unsigned int', possible loss of data
          with
          [
              T=float
          ]
D:\docs\githubRepo\scratch\scratch\tileMap.h(29,57): warning C4244: 'argument': conversion from 'int' to 'T', possible loss of data
          with
          [
              T=float
          ]
D:\docs\githubRepo\scratch\scratch\tileMap.h(29,43): warning C4244: 'argument': conversion from 'int' to 'T', possible loss of data
          with
          [
              T=float
          ]
D:\docs\githubRepo\scratch\scratch\tileMap.h(31,64): warning C4244: 'argument': conversion from 'int' to 'T', possible loss of data
          with
          [
              T=float
          ]
D:\docs\githubRepo\scratch\scratch\tileMap.h(31,50): warning C4244: 'argument': conversion from 'int' to 'T', possible loss of data
          with
          [
              T=float
          ]
D:\docs\githubRepo\scratch\scratch\tileMap.h(32,107): warning C4244: 'argument': conversion from 'T' to 'T', possible loss of data
          with
          [
              T=float
          ]
          and
          [
              T=int
          ]
D:\docs\githubRepo\scratch\scratch\tileMap.h(32,72): warning C4244: 'argument': conversion from 'T' to 'T', possible loss of data
          with
          [
              T=float
          ]
          and
          [
              T=int
          ]
D:\docs\githubRepo\scratch\scratch\projectile.h(59,1): warning C4305: '=': truncation from 'double' to 'float'
D:\docs\githubRepo\scratch\scratch\researchPopUpWindow.h(28,1): warning C4305: 'argument': truncation from 'double' to 'float'
D:\docs\githubRepo\scratch\scratch\update.cpp(54,15): warning C4101: 'id_projectile': unreferenced local variable
  Generating Code...
  scratch.vcxproj -> D:\docs\githubRepo\scratch\Debug\scratch.exe
