d:\docs\githubrepo\scratch\scratch\debug\vc142.pdb
d:\docs\githubrepo\scratch\scratch\debug\vc142.idb
d:\docs\githubrepo\scratch\scratch\debug\timer.obj
d:\docs\githubrepo\scratch\scratch\debug\main.obj
d:\docs\githubrepo\scratch\scratch\debug\update.obj
d:\docs\githubrepo\scratch\scratch\debug\input.obj
d:\docs\githubrepo\scratch\scratch\debug\engine.obj
d:\docs\githubrepo\scratch\scratch\debug\draw.obj
d:\docs\githubrepo\scratch\scratch\debug\bob.obj
d:\docs\githubrepo\scratch\scratch\debug\tile.obj
d:\docs\githubrepo\scratch\scratch\debug\texturecontainer.obj
d:\docs\githubrepo\scratch\scratch\debug\interface.obj
d:\docs\githubrepo\scratch\scratch\debug\gameinterface.obj
d:\docs\githubrepo\scratch\debug\scratch.exe
d:\docs\githubrepo\scratch\debug\scratch.ilk
d:\docs\githubrepo\scratch\debug\scratch.pdb
d:\docs\githubrepo\scratch\scratch\debug\scratch.tlog\cl.command.1.tlog
d:\docs\githubrepo\scratch\scratch\debug\scratch.tlog\cl.read.1.tlog
d:\docs\githubrepo\scratch\scratch\debug\scratch.tlog\cl.write.1.tlog
d:\docs\githubrepo\scratch\scratch\debug\scratch.tlog\link.command.1.tlog
d:\docs\githubrepo\scratch\scratch\debug\scratch.tlog\link.read.1.tlog
d:\docs\githubrepo\scratch\scratch\debug\scratch.tlog\link.write.1.tlog
